<?xml version="1.0" encoding="UTF-8"?>
<!-- Generated by org.testng.reporters.JUnitReportReporter -->
<testsuite skipped="0" hostname="DESKTOP-QPQE140" name="test.ValidationTest" tests="1" failures="0" timestamp="2022-04-03T03:43:39 CDT" time="4.867" errors="0">
  <testcase name="userShouldAddCategory" time="4.867" classname="test.ValidationTest"/>
  <system-out/>
</testsuite> <!-- test.ValidationTest -->
