<?xml version="1.0" encoding="UTF-8"?>
<!-- Generated by org.testng.reporters.JUnitReportReporter -->
<testsuite skipped="0" hostname="DESKTOP-QPQE140" name="util.BrowserFactory" tests="1" failures="0" timestamp="2022-04-03T00:37:45 CDT" time="3.492" errors="0">
  <testcase name="init" time="3.492" classname="util.BrowserFactory"/>
  <system-out/>
</testsuite> <!-- util.BrowserFactory -->
